[12/Jul/2015 05:15:35]"GET /static/img/sdtv.png HTTP/1.0" 304 0
[12/Jul/2015 05:15:36]"GET /static/css/images/cur.png HTTP/1.0" 404 1667
Error: That port is already in use.
[12/Jul/2015 05:16:30]"GET /product/product_1.html HTTP/1.0" 200 7194
[12/Jul/2015 05:16:32]"GET /static/css/style.css HTTP/1.0" 304 0
[12/Jul/2015 05:16:32]"GET /static/js/jquery.min.js HTTP/1.0" 304 0
[12/Jul/2015 05:16:32]"GET /static/js/jquery.SuperSlide.js HTTP/1.0" 304 0
[12/Jul/2015 05:16:32]"GET /static/js/global.js HTTP/1.0" 304 0
[12/Jul/2015 05:16:32]"GET /static/img/logo.png HTTP/1.0" 304 0
[12/Jul/2015 05:16:32]"GET /static/img/topway.png HTTP/1.0" 304 0
[12/Jul/2015 05:16:32]"GET /static/img/sdtv.png HTTP/1.0" 304 0
[12/Jul/2015 05:16:32]"GET /static/img/tencent.png HTTP/1.0" 304 0
[12/Jul/2015 05:16:32]"GET /static/img/gzgd.png HTTP/1.0" 200 4724
[12/Jul/2015 05:16:32]"GET /static/css/images/service.jpg HTTP/1.0" 200 76007
[12/Jul/2015 05:16:40]"GET /favicon.ico HTTP/1.0" 500 97192
[12/Jul/2015 05:16:41]"GET / HTTP/1.0" 200 9739
[12/Jul/2015 05:16:42]"GET /static/css/style.css HTTP/1.0" 304 0
[12/Jul/2015 05:16:42]"GET /static/js/hm.js HTTP/1.0" 304 0
[12/Jul/2015 05:16:42]"GET /static/js/jquery.min.js HTTP/1.0" 304 0
[12/Jul/2015 05:16:42]"GET /static/js/global.js HTTP/1.0" 304 0
[12/Jul/2015 05:16:42]"GET /static/js/slide_show.js HTTP/1.0" 304 0
[12/Jul/2015 05:16:42]"GET /static/js/jquery.SuperSlide.js HTTP/1.0" 304 0
[12/Jul/2015 05:16:42]"GET /static/img/logo.png HTTP/1.0" 304 0
[12/Jul/2015 05:16:42]"GET /static/img/fs1.jpg HTTP/1.0" 304 0
[12/Jul/2015 05:16:42]"GET /static/img/fs2.jpg HTTP/1.0" 304 0
[12/Jul/2015 05:16:42]"GET /static/img/fs3.jpg HTTP/1.0" 304 0
[12/Jul/2015 05:16:42]"GET /static/img/topway.png HTTP/1.0" 304 0
[12/Jul/2015 05:16:42]"GET /static/img/tencent.png HTTP/1.0" 304 0
[12/Jul/2015 05:16:42]"GET /static/img/20130514acunau.jpg HTTP/1.0" 200 146176
[12/Jul/2015 05:16:42]"GET /static/img/sdtv.png HTTP/1.0" 304 0
[12/Jul/2015 05:16:42]"GET /static/img/gzgd.png HTTP/1.0" 304 0
[12/Jul/2015 05:16:42]"GET /static/img/20130514rjzqdt.jpg HTTP/1.0" 200 163302
[12/Jul/2015 05:16:43]"GET /static/img/20130514xxsctt.jpg HTTP/1.0" 200 810411
[12/Jul/2015 05:16:46]"GET /product/product_1.html HTTP/1.0" 200 7194
[12/Jul/2015 05:16:47]"GET /static/css/style.css HTTP/1.0" 304 0
[12/Jul/2015 05:16:47]"GET /static/js/jquery.min.js HTTP/1.0" 304 0
[12/Jul/2015 05:16:47]"GET /static/js/global.js HTTP/1.0" 304 0
[12/Jul/2015 05:16:47]"GET /static/js/jquery.SuperSlide.js HTTP/1.0" 304 0
[12/Jul/2015 05:16:47]"GET /static/img/logo.png HTTP/1.0" 304 0
[12/Jul/2015 05:16:47]"GET /static/img/tencent.png HTTP/1.0" 304 0
[12/Jul/2015 05:16:47]"GET /static/img/topway.png HTTP/1.0" 304 0
[12/Jul/2015 05:16:47]"GET /static/img/sdtv.png HTTP/1.0" 304 0
[12/Jul/2015 05:16:47]"GET /static/img/gzgd.png HTTP/1.0" 304 0
[12/Jul/2015 05:16:48]"GET /favicon.ico HTTP/1.0" 500 97262
[12/Jul/2015 05:16:50]"GET /company/company_2.html HTTP/1.0" 200 6505
[12/Jul/2015 05:16:52]"GET /static/js/jquery.min.js HTTP/1.0" 304 0
[12/Jul/2015 05:16:52]"GET /static/js/global.js HTTP/1.0" 304 0
[12/Jul/2015 05:16:52]"GET /static/css/style.css HTTP/1.0" 304 0
[12/Jul/2015 05:16:52]"GET /static/js/jquery.SuperSlide.js HTTP/1.0" 304 0
[12/Jul/2015 05:16:52]"GET /static/img/logo.png HTTP/1.0" 304 0
[12/Jul/2015 05:16:52]"GET /static/img/topway.png HTTP/1.0" 304 0
[12/Jul/2015 05:16:52]"GET /static/img/tencent.png HTTP/1.0" 304 0
[12/Jul/2015 05:16:52]"GET /static/img/sdtv.png HTTP/1.0" 304 0
[12/Jul/2015 05:16:52]"GET /static/img/gzgd.png HTTP/1.0" 304 0
[12/Jul/2015 05:16:52]"GET /favicon.ico HTTP/1.0" 500 97340
[12/Jul/2015 05:17:01]"GET / HTTP/1.0" 200 9739
[12/Jul/2015 05:17:02]"GET /static/css/style.css HTTP/1.0" 304 0
[12/Jul/2015 05:17:02]"GET /static/js/hm.js HTTP/1.0" 304 0
[12/Jul/2015 05:17:02]"GET /static/js/jquery.min.js HTTP/1.0" 304 0
[12/Jul/2015 05:17:02]"GET /static/js/global.js HTTP/1.0" 304 0
[12/Jul/2015 05:17:02]"GET /static/js/slide_show.js HTTP/1.0" 304 0
[12/Jul/2015 05:17:02]"GET /static/img/logo.png HTTP/1.0" 304 0
[12/Jul/2015 05:17:02]"GET /static/js/jquery.SuperSlide.js HTTP/1.0" 304 0
[12/Jul/2015 05:17:02]"GET /static/img/fs1.jpg HTTP/1.0" 304 0
[12/Jul/2015 05:17:02]"GET /static/img/fs2.jpg HTTP/1.0" 304 0
[12/Jul/2015 05:17:02]"GET /static/img/fs3.jpg HTTP/1.0" 304 0
[12/Jul/2015 05:17:02]"GET /static/img/topway.png HTTP/1.0" 304 0
[12/Jul/2015 05:17:02]"GET /static/img/tencent.png HTTP/1.0" 304 0
[12/Jul/2015 05:17:02]"GET /static/img/sdtv.png HTTP/1.0" 304 0
[12/Jul/2015 05:17:02]"GET /static/img/gzgd.png HTTP/1.0" 304 0
[12/Jul/2015 05:17:02]"GET /static/img/20130514acunau.jpg HTTP/1.0" 200 146176
[12/Jul/2015 05:17:02]"GET /static/img/20130514rjzqdt.jpg HTTP/1.0" 200 163302
[12/Jul/2015 05:17:02]"GET /static/img/20130514xxsctt.jpg HTTP/1.0" 200 810411
[12/Jul/2015 05:18:04]"GET /favicon.ico HTTP/1.0" 500 97340
